Socket initialize success.
A client have connected
dohandshake
-----------控制器已连接----------
A client have connected
dohandshake
--------------客户端已连接-------------A client have connected
dohandshake
--------------客户端已连接-------------A client have connected
dohandshake
one client have reclient
--------------客户端已连接--------------------------游戏开始--------------
开始时间	1504460887
回合数  	1
绘画者  	刚刚
玩家数量	2
回合题目	电影
Array
(
    [0] => Array
        (
            [socket] => Resource id #4
            [type] => master
            [state] => online
        )

    [ctrl] => Array
        (
            [socket] => Resource id #5
            [type] => ctrl
        )

    [6] => Array
        (
            [socket] => Resource id #6
            [type] => client
            [handshake] => 1
            [ip] => 127.0.0.1
            [client] => painter
            [state] => online
            [port] => 46572
            [userState] => gaming
            [session] => msoga4lp7q19b5076ec1tp82r6
            [userName] => 刚刚
            [userFace] => 1
            [userOrder] => 0
        )

    [8] => Array
        (
            [socket] => Resource id #8
            [type] => client
            [handshake] => 1
            [ip] => 127.0.0.1
            [client] => answerer
            [state] => online
            [port] => 46668
            [userState] => gaming
            [session] => d41dpsg6i3veo5k6osf5utk041
            [userName] => x想
            [userFace] => 0
            [userOrder] => 1
        )

)
------------------------------------
resource(6) of type (Socket)
one client have disconnect
A client have connected
dohandshake
one client have reclient
--------------客户端已连接-------------A client have connected
dohandshake
one client have reclient
--------------客户端已连接-------------
ctrl message: {"type":2002,"data":{"rounds":4,"round":1,"sTime":1504460887,"rTime":1504460887}}

---------------回合结束-------------
Array
(
    [刚刚] => 60
    [x想] => 60
)
Array
(
    [刚刚] => Array
        (
            [atime] => 120
            [ptime] => 120
        )

    [x想] => Array
        (
            [atime] => 120
            [ptime] => 120
        )

)
------------------------------------

ctrl message: {"type":2003,"data":{"rounds":4,"round":1,"sTime":1504460887,"rTime":1504460887}}
Array
(
    [0] => Array
        (
            [socket] => Resource id #4
            [type] => master
            [state] => online
        )

    [ctrl] => Array
        (
            [socket] => Resource id #5
            [type] => ctrl
        )

    [9] => Array
        (
            [socket] => Resource id #9
            [type] => client
            [handshake] => 1
            [ip] => 127.0.0.1
            [client] => painter
            [state] => online
            [port] => 46738
            [userState] => gaming
            [userName] => 刚刚
            [userFace] => 1
            [userOrder] => 0
            [session] => msoga4lp7q19b5076ec1tp82r6
        )

    [10] => Array
        (
            [socket] => Resource id #10
            [type] => client
            [handshake] => 1
            [ip] => 127.0.0.1
            [client] => answerer
            [state] => online
            [port] => 46740
            [userState] => gaming
            [userName] => x想
            [userFace] => 0
            [userOrder] => 1
            [session] => d41dpsg6i3veo5k6osf5utk041
        )

)
Array
(
    [0] => Array
        (
            [socket] => Resource id #9
            [type] => client
            [handshake] => 1
            [ip] => 127.0.0.1
            [client] => painter
            [state] => online
            [port] => 46738
            [userState] => gaming
            [userName] => 刚刚
            [userFace] => 1
            [userOrder] => 0
            [session] => msoga4lp7q19b5076ec1tp82r6
        )

    [1] => Array
        (
            [socket] => Resource id #10
            [type] => client
            [handshake] => 1
            [ip] => 127.0.0.1
            [client] => answerer
            [state] => online
            [port] => 46740
            [userState] => gaming
            [userName] => x想
            [userFace] => 0
            [userOrder] => 1
            [session] => d41dpsg6i3veo5k6osf5utk041
        )

)
0 painterArray
(
    [0] => Array
        (
            [socket] => Resource id #9
            [type] => client
            [handshake] => 1
            [ip] => 127.0.0.1
            [client] => answerer
            [state] => online
            [port] => 46738
            [userState] => gaming
            [userName] => 刚刚
            [userFace] => 1
            [userOrder] => 0
            [session] => msoga4lp7q19b5076ec1tp82r6
        )

    [1] => Array
        (
            [socket] => Resource id #10
            [type] => client
            [handshake] => 1
            [ip] => 127.0.0.1
            [client] => painter
            [state] => online
            [port] => 46740
            [userState] => gaming
            [userName] => x想
            [userFace] => 0
            [userOrder] => 1
            [session] => d41dpsg6i3veo5k6osf5utk041
        )

)
Array
(
    [0] => Array
        (
            [socket] => Resource id #9
            [type] => client
            [handshake] => 1
            [ip] => 127.0.0.1
            [client] => answerer
            [state] => online
            [port] => 46738
            [userState] => gaming
            [userName] => 刚刚
            [userFace] => 1
            [userOrder] => 0
            [session] => msoga4lp7q19b5076ec1tp82r6
        )

    [1] => Array
        (
            [socket] => Resource id #10
            [type] => client
            [handshake] => 1
            [ip] => 127.0.0.1
            [client] => painter
            [state] => online
            [port] => 46740
            [userState] => gaming
            [userName] => x想
            [userFace] => 0
            [userOrder] => 1
            [session] => d41dpsg6i3veo5k6osf5utk041
        )

)
Array
(
    [0] => Array
        (
            [socket] => Resource id #4
            [type] => master
            [state] => online
        )

    [ctrl] => Array
        (
            [socket] => Resource id #5
            [type] => ctrl
        )

    [9] => Array
        (
            [socket] => Resource id #9
            [type] => client
            [handshake] => 1
            [ip] => 127.0.0.1
            [client] => answerer
            [state] => online
            [port] => 46738
            [userState] => gaming
            [userName] => 刚刚
            [userFace] => 1
            [userOrder] => 0
            [session] => msoga4lp7q19b5076ec1tp82r6
        )

    [10] => Array
        (
            [socket] => Resource id #10
            [type] => client
            [handshake] => 1
            [ip] => 127.0.0.1
            [client] => painter
            [state] => online
            [port] => 46740
            [userState] => gaming
            [userName] => x想
            [userFace] => 0
            [userOrder] => 1
            [session] => d41dpsg6i3veo5k6osf5utk041
        )

)
-------------回合开始--------------
开始时间	1504460953
回合数  	2
绘画者  	刚刚
玩家数量	2
回合题目	雪人
------------------------------------
resource(9) of type (Socket)
one client have disconnect
A client have connected
dohandshake
one client have reclient
--------------客户端已连接-------------A client have connected
dohandshake
one client have reclient
--------------客户端已连接-------------
ctrl message: {"type":2002,"data":{"rounds":4,"round":1,"sTime":1504460887,"rTime":1504460887}}

---------------回合结束-------------
Array
(
    [刚刚] => 60
    [x想] => 60
)
Array
(
    [刚刚] => Array
        (
            [atime] => 120
            [ptime] => 120
        )

    [x想] => Array
        (
            [atime] => 120
            [ptime] => 120
        )

)
------------------------------------

ctrl message: {"type":2003,"data":{"rounds":4,"round":1,"sTime":1504460887,"rTime":1504460887}}
Array
(
    [0] => Array
        (
            [socket] => Resource id #4
            [type] => master
            [state] => online
        )

    [ctrl] => Array
        (
            [socket] => Resource id #5
            [type] => ctrl
        )

    [11] => Array
        (
            [socket] => Resource id #11
            [type] => client
            [handshake] => 1
            [ip] => 127.0.0.1
            [client] => answerer
            [state] => online
            [port] => 47282
            [userState] => gaming
            [userName] => 刚刚
            [userFace] => 1
            [userOrder] => 0
            [session] => msoga4lp7q19b5076ec1tp82r6
        )

    [12] => Array
        (
            [socket] => Resource id #12
            [type] => client
            [handshake] => 1
            [ip] => 127.0.0.1
            [client] => painter
            [state] => online
            [port] => 47286
            [userState] => gaming
            [userName] => x想
            [userFace] => 0
            [userOrder] => 1
            [session] => d41dpsg6i3veo5k6osf5utk041
        )

)
Array
(
    [0] => Array
        (
            [socket] => Resource id #11
            [type] => client
            [handshake] => 1
            [ip] => 127.0.0.1
            [client] => answerer
            [state] => online
            [port] => 47282
            [userState] => gaming
            [userName] => 刚刚
            [userFace] => 1
            [userOrder] => 0
            [session] => msoga4lp7q19b5076ec1tp82r6
        )

    [1] => Array
        (
            [socket] => Resource id #12
            [type] => client
            [handshake] => 1
            [ip] => 127.0.0.1
            [client] => painter
            [state] => online
            [port] => 47286
            [userState] => gaming
            [userName] => x想
            [userFace] => 0
            [userOrder] => 1
            [session] => d41dpsg6i3veo5k6osf5utk041
        )

)
1 painterArray
(
    [0] => Array
        (
            [socket] => Resource id #11
            [type] => client
            [handshake] => 1
            [ip] => 127.0.0.1
            [client] => painter
            [state] => online
            [port] => 47282
            [userState] => gaming
            [userName] => 刚刚
            [userFace] => 1
            [userOrder] => 0
            [session] => msoga4lp7q19b5076ec1tp82r6
        )

    [1] => Array
        (
            [socket] => Resource id #12
            [type] => client
            [handshake] => 1
            [ip] => 127.0.0.1
            [client] => answerer
            [state] => online
            [port] => 47286
            [userState] => gaming
            [userName] => x想
            [userFace] => 0
            [userOrder] => 1
            [session] => d41dpsg6i3veo5k6osf5utk041
        )

)
Array
(
    [0] => Array
        (
            [socket] => Resource id #11
            [type] => client
            [handshake] => 1
            [ip] => 127.0.0.1
            [client] => painter
            [state] => online
            [port] => 47282
            [userState] => gaming
            [userName] => 刚刚
            [userFace] => 1
            [userOrder] => 0
            [session] => msoga4lp7q19b5076ec1tp82r6
        )

    [1] => Array
        (
            [socket] => Resource id #12
            [type] => client
            [handshake] => 1
            [ip] => 127.0.0.1
            [client] => answerer
            [state] => online
            [port] => 47286
            [userState] => gaming
            [userName] => x想
            [userFace] => 0
            [userOrder] => 1
            [session] => d41dpsg6i3veo5k6osf5utk041
        )

)
Array
(
    [0] => Array
        (
            [socket] => Resource id #4
            [type] => master
            [state] => online
        )

    [ctrl] => Array
        (
            [socket] => Resource id #5
            [type] => ctrl
        )

    [11] => Array
        (
            [socket] => Resource id #11
            [type] => client
            [handshake] => 1
            [ip] => 127.0.0.1
            [client] => painter
            [state] => online
            [port] => 47282
            [userState] => gaming
            [userName] => 刚刚
            [userFace] => 1
            [userOrder] => 0
            [session] => msoga4lp7q19b5076ec1tp82r6
        )

    [12] => Array
        (
            [socket] => Resource id #12
            [type] => client
            [handshake] => 1
            [ip] => 127.0.0.1
            [client] => answerer
            [state] => online
            [port] => 47286
            [userState] => gaming
            [userName] => x想
            [userFace] => 0
            [userOrder] => 1
            [session] => d41dpsg6i3veo5k6osf5utk041
        )

)
-------------回合开始--------------
开始时间	1504461019
回合数  	3
绘画者  	刚刚
玩家数量	2
回合题目	狗
------------------------------------
resource(11) of type (Socket)
one client have disconnect
A client have connected
dohandshake
one client have reclient
--------------客户端已连接-------------A client have connected
dohandshake
one client have reclient
--------------客户端已连接-------------
ctrl message: {"type":2002,"data":{"rounds":4,"round":1,"sTime":1504460887,"rTime":1504460887}}

---------------回合结束-------------
Array
(
    [刚刚] => 60
    [x想] => 60
)
Array
(
    [刚刚] => Array
        (
            [atime] => 120
            [ptime] => 120
        )

    [x想] => Array
        (
            [atime] => 120
            [ptime] => 120
        )

)
------------------------------------

ctrl message: {"type":2003,"data":{"rounds":4,"round":1,"sTime":1504460887,"rTime":1504460887}}
Array
(
    [0] => Array
        (
            [socket] => Resource id #4
            [type] => master
            [state] => online
        )

    [ctrl] => Array
        (
            [socket] => Resource id #5
            [type] => ctrl
        )

    [13] => Array
        (
            [socket] => Resource id #13
            [type] => client
            [handshake] => 1
            [ip] => 127.0.0.1
            [client] => painter
            [state] => online
            [port] => 47824
            [userState] => gaming
            [userName] => 刚刚
            [userFace] => 1
            [userOrder] => 0
            [session] => msoga4lp7q19b5076ec1tp82r6
        )

    [14] => Array
        (
            [socket] => Resource id #14
            [type] => client
            [handshake] => 1
            [ip] => 127.0.0.1
            [client] => answerer
            [state] => online
            [port] => 47838
            [userState] => gaming
            [userName] => x想
            [userFace] => 0
            [userOrder] => 1
            [session] => d41dpsg6i3veo5k6osf5utk041
        )

)
Array
(
    [0] => Array
        (
            [socket] => Resource id #13
            [type] => client
            [handshake] => 1
            [ip] => 127.0.0.1
            [client] => painter
            [state] => online
            [port] => 47824
            [userState] => gaming
            [userName] => 刚刚
            [userFace] => 1
            [userOrder] => 0
            [session] => msoga4lp7q19b5076ec1tp82r6
        )

    [1] => Array
        (
            [socket] => Resource id #14
            [type] => client
            [handshake] => 1
            [ip] => 127.0.0.1
            [client] => answerer
            [state] => online
            [port] => 47838
            [userState] => gaming
            [userName] => x想
            [userFace] => 0
            [userOrder] => 1
            [session] => d41dpsg6i3veo5k6osf5utk041
        )

)
0 painterArray
(
    [0] => Array
        (
            [socket] => Resource id #13
            [type] => client
            [handshake] => 1
            [ip] => 127.0.0.1
            [client] => answerer
            [state] => online
            [port] => 47824
            [userState] => gaming
            [userName] => 刚刚
            [userFace] => 1
            [userOrder] => 0
            [session] => msoga4lp7q19b5076ec1tp82r6
        )

    [1] => Array
        (
            [socket] => Resource id #14
            [type] => client
            [handshake] => 1
            [ip] => 127.0.0.1
            [client] => painter
            [state] => online
            [port] => 47838
            [userState] => gaming
            [userName] => x想
            [userFace] => 0
            [userOrder] => 1
            [session] => d41dpsg6i3veo5k6osf5utk041
        )

)
Array
(
    [0] => Array
        (
            [socket] => Resource id #13
            [type] => client
            [handshake] => 1
            [ip] => 127.0.0.1
            [client] => answerer
            [state] => online
            [port] => 47824
            [userState] => gaming
            [userName] => 刚刚
            [userFace] => 1
            [userOrder] => 0
            [session] => msoga4lp7q19b5076ec1tp82r6
        )

    [1] => Array
        (
            [socket] => Resource id #14
            [type] => client
            [handshake] => 1
            [ip] => 127.0.0.1
            [client] => painter
            [state] => online
            [port] => 47838
            [userState] => gaming
            [userName] => x想
            [userFace] => 0
            [userOrder] => 1
            [session] => d41dpsg6i3veo5k6osf5utk041
        )

)
Array
(
    [0] => Array
        (
            [socket] => Resource id #4
            [type] => master
            [state] => online
        )

    [ctrl] => Array
        (
            [socket] => Resource id #5
            [type] => ctrl
        )

    [13] => Array
        (
            [socket] => Resource id #13
            [type] => client
            [handshake] => 1
            [ip] => 127.0.0.1
            [client] => answerer
            [state] => online
            [port] => 47824
            [userState] => gaming
            [userName] => 刚刚
            [userFace] => 1
            [userOrder] => 0
            [session] => msoga4lp7q19b5076ec1tp82r6
        )

    [14] => Array
        (
            [socket] => Resource id #14
            [type] => client
            [handshake] => 1
            [ip] => 127.0.0.1
            [client] => painter
            [state] => online
            [port] => 47838
            [userState] => gaming
            [userName] => x想
            [userFace] => 0
            [userOrder] => 1
            [session] => d41dpsg6i3veo5k6osf5utk041
        )

)
-------------回合开始--------------
开始时间	1504461085
回合数  	4
绘画者  	刚刚
玩家数量	2
回合题目	微软
------------------------------------

ctrl message: {"type":2002,"data":{"rounds":4,"round":1,"sTime":1504460887,"rTime":1504460887}}

---------------回合结束-------------
Array
(
    [刚刚] => 60
    [x想] => 60
)
Array
(
    [刚刚] => Array
        (
            [atime] => 120
            [ptime] => 120
        )

    [x想] => Array
        (
            [atime] => 120
            [ptime] => 120
        )

)
------------------------------------
resource(13) of type (Socket)
one client have disconnect
A client have connected
dohandshake
one client have reclient
--------------客户端已连接-------------A client have connected
dohandshake
one client have reclient
--------------客户端已连接-------------
ctrl message: {"type":2004,"data":{"rounds":4,"round":1,"sTime":1504460887,"rTime":1504460887}}
afasdsgaaaaaaaaaaaaaaaaaaaaaaaaaaaaArray
(
    [0] => Array
        (
            [socket] => Resource id #4
            [type] => master
            [state] => online
        )

    [ctrl] => Array
        (
            [socket] => Resource id #5
            [type] => ctrl
        )

    [15] => Array
        (
            [socket] => Resource id #15
            [type] => client
            [handshake] => 1
            [ip] => 127.0.0.1
            [client] => unknow
            [state] => online
            [port] => 48382
            [userState] => register
            [userName] => 刚刚
            [userFace] => 1
            [userOrder] => 0
            [session] => msoga4lp7q19b5076ec1tp82r6
        )

    [16] => Array
        (
            [socket] => Resource id #16
            [type] => client
            [handshake] => 1
            [ip] => 127.0.0.1
            [client] => unknow
            [state] => online
            [port] => 48402
            [userState] => register
            [userName] => x想
            [userFace] => 0
            [userOrder] => 1
            [session] => d41dpsg6i3veo5k6osf5utk041
        )

)

-----------gameOver-------------
