Socket initialize success.
A client have connected
dohandshake
--------------客户端已连接-------------PHP Notice:  Trying to get property of non-object in /var/www/html/paint/server/Server.php on line 332
resource(5) of type (Socket)
one client have disconnect
A client have connected
dohandshake
one client have reclient
--------------客户端已连接-------------A client have connected
dohandshake
--------------客户端已连接-------------PHP Notice:  Trying to get property of non-object in /var/www/html/paint/server/Server.php on line 332
A client have connected
dohandshake
one client have reclient
--------------客户端已连接--------------------------游戏开始--------------
开始时间	1504461209
回合数  	1
绘画者  	信息
玩家数量	2
回合题目	螃蟹
Array
(
    [0] => Array
        (
            [socket] => Resource id #4
            [type] => master
            [state] => online
        )

    [6] => Array
        (
            [socket] => Resource id #6
            [type] => client
            [handshake] => 1
            [ip] => 127.0.0.1
            [client] => painter
            [state] => online
            [port] => 49302
            [userState] => gaming
            [session] => msoga4lp7q19b5076ec1tp82r6
            [userName] => 信息
            [userFace] => 13
            [userOrder] => 0
        )

    [8] => Array
        (
            [socket] => Resource id #8
            [type] => client
            [handshake] => 1
            [ip] => 127.0.0.1
            [client] => answerer
            [state] => online
            [port] => 49354
            [userState] => gaming
            [session] => d41dpsg6i3veo5k6osf5utk041
            [userName] => 个
            [userFace] => 18
            [userOrder] => 2
        )

)
------------------------------------
PHP Warning:  socket_write() expects parameter 1 to be resource, null given in /var/www/html/paint/server/Server.php on line 325
PHP Notice:  Trying to get property of non-object in /var/www/html/paint/server/Server.php on line 332
PHP Notice:  Trying to get property of non-object in /var/www/html/paint/server/Server.php on line 332
resource(6) of type (Socket)
one client have disconnect
A client have connected
dohandshake
one client have reclient
--------------客户端已连接-------------A client have connected
dohandshake
one client have reclient
--------------客户端已连接-------------A client have connected
dohandshake
-----------控制器已连接----------
PHP Notice:  Trying to get property of non-object in /var/www/html/paint/server/Server.php on line 332
resource(9) of type (Socket)
one client have disconnect
A client have connected
dohandshake
one client have reclient
--------------客户端已连接-------------PHP Notice:  Trying to get property of non-object in /var/www/html/paint/server/Server.php on line 332
resource(12) of type (Socket)
one client have disconnect
A client have connected
dohandshake
one client have reclient
--------------客户端已连接-------------PHP Notice:  Trying to get property of non-object in /var/www/html/paint/server/Server.php on line 332
A client have connected
dohandshake
one client have reclient
--------------客户端已连接-------------resource(11) of type (Socket)
-------------------控制器断开----------------\n